<?xml version="1.0" encoding="UTF-8"?>
<!-- Generated by org.testng.reporters.JUnitXMLReporter -->
<testsuite ignored="0" hostname="LAPTOP-9BI5PNMM" failures="1" tests="3" name="Test" time="0.142" errors="0" timestamp="2021-08-10T10:33:07 EDT">
  <testcase classname="TestCases.Login" name="login" time="0.015"/>
  <testcase classname="TestCases.Login" name="logout" time="0.004"/>
  <testcase classname="TestCases.LoginTest" name="login" time="0.009">
    <failure type="java.lang.AssertionError" message="expected [ABC] but found [XYZ]">
      <![CDATA[java.lang.AssertionError: expected [ABC] but found [XYZ]
at TestCases.LoginTest.login(LoginTest.java:17)
at java.base/java.util.ArrayList.forEach(ArrayList.java:1511)
... Removed 32 stack frames]]>
    </failure>
  </testcase> <!-- login -->
</testsuite> <!-- Test -->
